<?xml version="1.0" encoding="UTF-8"?>
<testsuite name="D:/Java/APITesting-RestAssuredLearning"
           tests="3"
           failures="0"
           errors="0"
           skipped="0"
           time="0.006">
    <properties></properties>



            <testcase
                name="getRequest3"
                time="0.002"
                classname="Testng.Lab262">
            </testcase>
            <testcase
                name="getRequest2"
                time="0.002"
                classname="Testng.Lab262">
            </testcase>
            <testcase
                name="getRequest1"
                time="0.002"
                classname="Testng.Lab262">
            </testcase>
</testsuite>
